<?xml version="1.0" encoding="UTF-8"?>
<!-- Generated by org.testng.reporters.JUnitReportReporter -->
<testsuite hostname="DESKTOP-RALOVP7" failures="0" tests="5" name="tests.CartTest" time="0.000" errors="0" timestamp="2025-08-30T14:35:42 IST" skipped="5">
  <testcase classname="tests.CartTest" name="cartAddTest" time="0.000">
    <skipped/>
  </testcase> <!-- cartAddTest -->
  <testcase classname="tests.CartTest" name="modifyQuantity" time="0.000">
    <skipped/>
  </testcase> <!-- modifyQuantity -->
  <testcase classname="tests.CartTest" name="deleteFromCart" time="0.000">
    <skipped/>
  </testcase> <!-- deleteFromCart -->
  <testcase classname="tests.CartTest" name="buyProducts" time="0.000">
    <skipped/>
  </testcase> <!-- buyProducts -->
  <testcase classname="tests.CartTest" name="placeOrder" time="0.000">
    <skipped/>
  </testcase> <!-- placeOrder -->
</testsuite> <!-- tests.CartTest -->
