<?xml version="1.0" encoding="UTF-8"?>
<!-- Generated by org.testng.reporters.JUnitReportReporter -->
<testsuite hostname="DESKTOP-RALOVP7" failures="0" tests="3" name="tests.LoginTest" time="12.670" errors="0" timestamp="2025-08-30T14:35:42 IST" skipped="0">
  <testcase classname="tests.LoginTest" name="invalidLoginTest" time="5.536"/>
  <testcase classname="tests.LoginTest" name="verifyLoginTest" time="4.347"/>
  <testcase classname="tests.LoginTest" name="validLoginTest" time="2.787"/>
</testsuite> <!-- tests.LoginTest -->
