<?xml version="1.0" encoding="UTF-8"?>
<!-- Generated by org.testng.reporters.JUnitReportReporter -->
<testsuite hostname="DESKTOP-RALOVP7" failures="0" tests="3" name="tests.LoginTest" time="12.027" errors="0" timestamp="2025-09-03T14:32:58 IST" skipped="0">
  <testcase classname="tests.LoginTest" name="invalidLoginTest" time="5.011"/>
  <testcase classname="tests.LoginTest" name="verifyLoginTest" time="4.296"/>
  <testcase classname="tests.LoginTest" name="validLoginTest" time="2.720"/>
</testsuite> <!-- tests.LoginTest -->
