<?xml version="1.0" encoding="UTF-8"?>
<!-- Generated by org.testng.reporters.JUnitReportReporter -->
<testsuite hostname="DESKTOP-RALOVP7" failures="0" tests="5" name="tests.SearchTest" time="41.815" errors="0" timestamp="2025-09-03T14:32:58 IST" skipped="0">
  <testcase classname="tests.SearchTest" name="testSearchProduct" time="9.759"/>
  <testcase classname="tests.SearchTest" name="testApplyFilters" time="13.919"/>
  <testcase classname="tests.SearchTest" name="testSortLowToHigh" time="2.443"/>
  <testcase classname="tests.SearchTest" name="testBlankSearch" time="3.243"/>
  <testcase classname="tests.SearchTest" name="testViewProductDetails" time="12.451"/>
</testsuite> <!-- tests.SearchTest -->
