<?xml version="1.0" encoding="UTF-8"?>
<!-- Generated by org.testng.reporters.JUnitReportReporter -->
<testsuite hostname="DESKTOP-RALOVP7" failures="0" tests="5" name="tests.CartTest" time="16.345" errors="0" timestamp="2025-09-03T14:32:58 IST" skipped="0">
  <testcase classname="tests.CartTest" name="cartAddTest" time="4.817"/>
  <testcase classname="tests.CartTest" name="modifyQuantity" time="5.078"/>
  <testcase classname="tests.CartTest" name="deleteFromCart" time="1.274"/>
  <testcase classname="tests.CartTest" name="buyProducts" time="5.082"/>
  <testcase classname="tests.CartTest" name="placeOrder" time="0.094"/>
</testsuite> <!-- tests.CartTest -->
